<?xml version="1.0" encoding="UTF-8"?>
<testng-results ignored="0" total="1" passed="1" failed="0" skipped="0">
  <reporter-output>
  </reporter-output>
  <suite started-at="2026-03-23T09:33:20 IST" name="Default suite" finished-at="2026-03-23T09:33:27 IST" duration-ms="7017">
    <groups>
    </groups>
    <test started-at="2026-03-23T09:33:20 IST" name="Default test" finished-at="2026-03-23T09:33:27 IST" duration-ms="7017">
      <class name="testcases.ElementsTest">
        <test-method is-config="true" signature="setup()[pri:0, instance:testcases.ElementsTest@28dcca0c]" started-at="2026-03-23T09:33:20 IST" name="setup" finished-at="2026-03-23T09:33:25 IST" duration-ms="5206" status="PASS">
          <reporter-output>
          </reporter-output>
        </test-method> <!-- setup -->
        <test-method signature="verifyTextBoxSubmission()[pri:0, instance:testcases.ElementsTest@28dcca0c]" started-at="2026-03-23T09:33:25 IST" name="verifyTextBoxSubmission" finished-at="2026-03-23T09:33:26 IST" duration-ms="1224" status="PASS">
          <reporter-output>
          </reporter-output>
        </test-method> <!-- verifyTextBoxSubmission -->
        <test-method is-config="true" signature="tearDown()[pri:0, instance:testcases.ElementsTest@28dcca0c]" started-at="2026-03-23T09:33:26 IST" name="tearDown" finished-at="2026-03-23T09:33:27 IST" duration-ms="537" status="PASS">
          <reporter-output>
          </reporter-output>
        </test-method> <!-- tearDown -->
      </class> <!-- testcases.ElementsTest -->
    </test> <!-- Default test -->
  </suite> <!-- Default suite -->
</testng-results>
